manifest-merger-release-report.txt
-- Merging decision tree log ---
manifest
ADDED from AndroidManifest.xml:2:1
	package
		ADDED from AndroidManifest.xml:3:5
	android:versionName
		ADDED from AndroidManifest.xml:5:5
	android:versionCode
		ADDED from AndroidManifest.xml:4:5
	xmlns:android
		ADDED from AndroidManifest.xml:2:11
uses-sdk
ADDED from AndroidManifest.xml:7:5
	android:targetSdkVersion
		ADDED from AndroidManifest.xml:9:9
	android:minSdkVersion
		ADDED from AndroidManifest.xml:8:9
uses-permission#android.permission.WRITE_EXTERNAL_STORAGE
ADDED from AndroidManifest.xml:11:9
	android:name
		ADDED from AndroidManifest.xml:11:26
uses-permission#android.permission.WAKE_LOCK
ADDED from AndroidManifest.xml:12:9
	android:name
		ADDED from AndroidManifest.xml:12:26
uses-permission#android.permission.INTERNET
ADDED from AndroidManifest.xml:13:6
	android:name
		ADDED from AndroidManifest.xml:13:23
uses-permission#android.permission.ACCESS_NETWORK_STATE
ADDED from AndroidManifest.xml:14:6
	android:name
		ADDED from AndroidManifest.xml:14:23
supports-screens
ADDED from AndroidManifest.xml:16:4
	android:requiresSmallestWidthDp
		ADDED from AndroidManifest.xml:16:22
application
ADDED from AndroidManifest.xml:18:5
	android:label
		ADDED from AndroidManifest.xml:21:9
	android:allowBackup
		ADDED from AndroidManifest.xml:19:9
	android:icon
		ADDED from AndroidManifest.xml:20:9
	android:theme
		ADDED from AndroidManifest.xml:22:9
activity#org.cirdles.chroni.HomeScreenActivity
ADDED from AndroidManifest.xml:24:9
	android:screenOrientation
		ADDED from AndroidManifest.xml:26:14
	android:noHistory
		ADDED from AndroidManifest.xml:27:14
	android:name
		ADDED from AndroidManifest.xml:25:13
intent-filter#android.intent.action.MAIN+android.intent.category.LAUNCHER
ADDED from AndroidManifest.xml:28:13
action#android.intent.action.MAIN
ADDED from AndroidManifest.xml:29:17
	android:name
		ADDED from AndroidManifest.xml:29:25
category#android.intent.category.LAUNCHER
ADDED from AndroidManifest.xml:30:17
	android:name
		ADDED from AndroidManifest.xml:30:27
activity#org.cirdles.chroni.MainMenuActivity
ADDED from AndroidManifest.xml:34:9
	android:screenOrientation
		ADDED from AndroidManifest.xml:36:13
	android:name
		ADDED from AndroidManifest.xml:35:13
intent-filter#android.intent.action.MAINMENU+android.intent.category.DEFAULT
ADDED from AndroidManifest.xml:37:13
action#android.intent.action.MAINMENU
ADDED from AndroidManifest.xml:38:17
	android:name
		ADDED from AndroidManifest.xml:38:25
category#android.intent.category.DEFAULT
ADDED from AndroidManifest.xml:39:17
	android:name
		ADDED from AndroidManifest.xml:39:27
activity#org.cirdles.chroni.UserProfileActivity
ADDED from AndroidManifest.xml:43:17
	android:screenOrientation
		ADDED from AndroidManifest.xml:45:13
	android:windowSoftInputMode
		ADDED from AndroidManifest.xml:46:13
	android:name
		ADDED from AndroidManifest.xml:44:13
intent-filter#android.intent.action.USERPROFILE+android.intent.category.DEFAULT
ADDED from AndroidManifest.xml:47:13
action#android.intent.action.USERPROFILE
ADDED from AndroidManifest.xml:48:17
	android:name
		ADDED from AndroidManifest.xml:48:25
activity#org.cirdles.chroni.HistoryActivity
ADDED from AndroidManifest.xml:53:10
	android:screenOrientation
		ADDED from AndroidManifest.xml:55:13
	android:name
		ADDED from AndroidManifest.xml:54:13
intent-filter#android.intent.action.HISTORY+android.intent.category.DEFAULT
ADDED from AndroidManifest.xml:56:13
action#android.intent.action.HISTORY
ADDED from AndroidManifest.xml:57:17
	android:name
		ADDED from AndroidManifest.xml:57:25
activity#org.cirdles.chroni.FilePickerActivity
ADDED from AndroidManifest.xml:62:9
	android:screenOrientation
		ADDED from AndroidManifest.xml:64:12
	android:noHistory
		ADDED from AndroidManifest.xml:65:12
	android:name
		ADDED from AndroidManifest.xml:63:12
intent-filter#android.intent.action.FILEPICKER+android.intent.category.DEFAULT
ADDED from AndroidManifest.xml:66:13
action#android.intent.action.FILEPICKER
ADDED from AndroidManifest.xml:67:17
	android:name
		ADDED from AndroidManifest.xml:67:25
activity#org.cirdles.chroni.AliquotMenuActivity
ADDED from AndroidManifest.xml:72:9
	android:screenOrientation
		ADDED from AndroidManifest.xml:74:13
	android:windowSoftInputMode
		ADDED from AndroidManifest.xml:75:13
	android:name
		ADDED from AndroidManifest.xml:73:13
intent-filter#android.intent.action.ALIQUOTMENU+android.intent.category.DEFAULT
ADDED from AndroidManifest.xml:76:13
action#android.intent.action.ALIQUOTMENU
ADDED from AndroidManifest.xml:77:17
	android:name
		ADDED from AndroidManifest.xml:77:25
activity#org.cirdles.chroni.ReportSettingsMenuActivity
ADDED from AndroidManifest.xml:82:9
	android:screenOrientation
		ADDED from AndroidManifest.xml:84:13
	android:windowSoftInputMode
		ADDED from AndroidManifest.xml:85:13
	android:name
		ADDED from AndroidManifest.xml:83:13
intent-filter#android.intent.action.REPORTSETTINGSMENU+android.intent.category.DEFAULT
ADDED from AndroidManifest.xml:86:13
action#android.intent.action.REPORTSETTINGSMENU
ADDED from AndroidManifest.xml:87:17
	android:name
		ADDED from AndroidManifest.xml:87:25
activity#org.cirdles.chroni.TablePainterActivity
ADDED from AndroidManifest.xml:92:10
	android:screenOrientation
		ADDED from AndroidManifest.xml:94:13
	android:name
		ADDED from AndroidManifest.xml:93:13
intent-filter#android.intent.action.DISPLAY+android.intent.category.DEFAULT
ADDED from AndroidManifest.xml:95:13
action#android.intent.action.DISPLAY
ADDED from AndroidManifest.xml:96:17
	android:name
		ADDED from AndroidManifest.xml:96:25
activity#org.cirdles.chroni.ViewAnalysisImageActivity
ADDED from AndroidManifest.xml:101:9
	android:screenOrientation
		ADDED from AndroidManifest.xml:103:13
	android:name
		ADDED from AndroidManifest.xml:102:13
intent-filter#android.intent.action.VIEWANALYSISIMAGE+android.intent.category.DEFAULT
ADDED from AndroidManifest.xml:104:13
action#android.intent.action.VIEWANALYSISIMAGE
ADDED from AndroidManifest.xml:105:17
	android:name
		ADDED from AndroidManifest.xml:105:25
activity#org.cirdles.chroni.AboutActivity
ADDED from AndroidManifest.xml:110:9
	android:screenOrientation
		ADDED from AndroidManifest.xml:112:13
	android:noHistory
		ADDED from AndroidManifest.xml:113:13
	android:name
		ADDED from AndroidManifest.xml:111:13
intent-filter#android.intent.action.ABOUT+android.intent.category.DEFAULT
ADDED from AndroidManifest.xml:114:13
action#android.intent.action.ABOUT
ADDED from AndroidManifest.xml:115:17
	android:name
		ADDED from AndroidManifest.xml:115:25